2022-12-02T07:57:06.146Z - log: [Package] menu@1.0.0 enable
2022-12-02T07:57:06.147Z - log: [Package] profile@1.0.0 enable
2022-12-02T07:57:06.150Z - log: [Package] project@1.0.2 enable
2022-12-02T07:57:06.152Z - log: [Package] messages@1.0.0 enable
2022-12-02T07:57:06.153Z - log: [Package] program@1.0.0 enable
2022-12-02T07:57:06.156Z - log: [Package] tester@1.0.0 enable
2022-12-02T07:57:06.157Z - log: [Package] preferences@1.0.0 enable
2022-12-02T07:57:07.870Z - log: Load engine in /Applications/CocosCreator/Creator/3.6.1/CocosCreator.app/Contents/Resources/resources/3d/engine
2022-12-02T07:57:08.079Z - log: Profile changed: engine (modules.includeModules: 2d,animation,audio,base,dragon-bones,gfx-webgl,gfx-webgl2,intersection-2d,particle-2d,physics-2d-box2d,profiler,spine,tiled-map,tween,ui,video,webview)
2022-12-02T07:57:08.109Z - log: Register native engine in /Applications/CocosCreator/Creator/3.6.1/CocosCreator.app/Contents/Resources/resources/3d/engine/native
2022-12-02T07:57:08.110Z - log: [Package] engine@1.0.6 enable
2022-12-02T07:57:08.714Z - log: [Package] programming@1.0.0 enable
2022-12-02T07:57:08.740Z - warn: 
2022-12-02T07:57:08.753Z - warn: 
2022-12-02T07:57:08.977Z - log: [Package] device@1.0.1 enable
2022-12-02T07:57:09.005Z - log: [Package] ui-kit@1.0.1 enable
2022-12-02T07:57:09.029Z - log: [Package] engine-extends@1.0.0 enable
2022-12-02T07:57:09.073Z - log: [Package] asset-db@1.0.0 enable
2022-12-02T07:57:09.074Z - warn: 
2022-12-02T07:57:09.104Z - log: [Package] scene@1.0.0 enable
2022-12-02T07:57:09.189Z - log: [Package] server@1.0.0 enable
2022-12-02T07:57:09.215Z - log: [Package] utils@1.0.0 enable
2022-12-02T07:57:09.634Z - warn: Browserslist: caniuse-lite is outdated. Please run:
npx browserslist@latest --update-db

Why you should do it regularly:
https://github.com/browserslist/browserslist#browsers-data-updating
2022-12-02T07:57:11.079Z - warn: 
2022-12-02T07:57:11.079Z - warn: 
2022-12-02T07:57:11.079Z - warn: 
2022-12-02T07:57:11.086Z - warn: 
2022-12-02T07:57:11.086Z - warn: 
2022-12-02T07:57:11.086Z - warn: 
2022-12-02T07:57:11.759Z - warn: 
2022-12-02T07:57:11.792Z - log: [Package] preview@1.0.1 enable
2022-12-02T07:57:11.819Z - log: [Package] animator@1.0.0 enable
2022-12-02T07:57:11.852Z - log: pluginManager init: 0.085ms
2022-12-02T07:57:12.502Z - log: [Package] builder@1.3.3 enable
2022-12-02T07:57:12.530Z - log: [Package] shortcuts@1.0.1 enable
2022-12-02T07:57:12.557Z - log: [Package] animation-graph@1.0.0 enable
2022-12-02T07:57:12.584Z - log: [Package] about@1.0.0 enable
2022-12-02T07:57:12.611Z - log: [Package] assets@1.0.0 enable
2022-12-02T07:57:12.638Z - log: [Package] console@1.0.0 enable
2022-12-02T07:57:12.737Z - log: [Package] extension@3.0.16 enable
2022-12-02T07:57:12.763Z - log: [Package] hierarchy@1.0.0 enable
2022-12-02T07:57:12.791Z - log: [Package] inspector@1.0.0 enable
2022-12-02T07:57:12.816Z - log: [Package] lightmap@1.0.4 enable
2022-12-02T07:57:13.043Z - log: [Package] localization-editor@1.0.0 enable
2022-12-02T07:57:13.049Z - log: [Build-plugin] register pkg localization-editor: 3.345ms
2022-12-02T07:57:13.074Z - log: [Package] node-library@1.0.1 enable
2022-12-02T07:57:13.097Z - log: [Package] package-asset@1.0.0 enable
2022-12-02T07:57:13.123Z - log: [Package] process@1.0.0 enable
2022-12-02T07:57:13.151Z - log: [Package] reference-image@1.0.0 enable
2022-12-02T07:57:13.175Z - log: [Package] alipay-mini-game@1.0.1 enable
2022-12-02T07:57:13.175Z - log: [Build-plugin] register pkg alipay-mini-game: 0.481ms
2022-12-02T07:57:13.200Z - log: [Package] android@1.0.1 enable
2022-12-02T07:57:13.203Z - log: [Build-plugin] register pkg android: 3.165ms
2022-12-02T07:57:13.204Z - warn: 
2022-12-02T07:57:13.204Z - warn: 
2022-12-02T07:57:13.204Z - warn: 
2022-12-02T07:57:13.225Z - log: [Package] baidu-mini-game@1.0.1 enable
2022-12-02T07:57:13.227Z - log: [Build-plugin] register pkg baidu-mini-game: 1.889ms
2022-12-02T07:57:13.270Z - log: [Package] bytedance-mini-game@1.0.2 enable
2022-12-02T07:57:13.272Z - log: [Build-plugin] register pkg bytedance-mini-game: 1.229ms
2022-12-02T07:57:13.296Z - log: [Package] certificate@1.0.0 enable
2022-12-02T07:57:13.320Z - log: [Package] channel-upload-tools@1.0.0 enable
2022-12-02T07:57:13.346Z - log: [Package] cocos-play@1.0.1 enable
2022-12-02T07:57:13.349Z - log: [Build-plugin] register pkg cocos-play: 2.361ms
2022-12-02T07:57:13.370Z - log: [Package] huawei-agc@1.0.0 enable
2022-12-02T07:57:13.372Z - log: [Build-plugin] register pkg huawei-agc: 1.819ms
2022-12-02T07:57:13.397Z - log: [Package] huawei-quick-game@1.0.1 enable
2022-12-02T07:57:13.399Z - log: [Build-plugin] register pkg huawei-quick-game: 2.061ms
2022-12-02T07:57:13.520Z - log: [Package] ios@1.0.0 enable
2022-12-02T07:57:13.523Z - log: [Build-plugin] register pkg ios: 2.426ms
2022-12-02T07:57:13.546Z - log: [Package] linux@1.0.0 enable
2022-12-02T07:57:13.547Z - log: [Build-plugin] register pkg linux: 0.493ms
2022-12-02T07:57:13.569Z - log: [Package] mac@1.0.0 enable
2022-12-02T07:57:13.571Z - log: [Build-plugin] register pkg mac: 2.13ms
2022-12-02T07:57:13.632Z - log: [Package] native@1.0.2 enable
2022-12-02T07:57:13.635Z - log: [Build-plugin] register pkg native: 2.811ms
2022-12-02T07:57:13.661Z - log: [Package] ohos@1.0.0 enable
2022-12-02T07:57:13.663Z - log: [Build-plugin] register pkg ohos: 1.745ms
2022-12-02T07:57:13.686Z - log: [Package] open-harmonyos@1.0.0 enable
2022-12-02T07:57:13.686Z - log: [Build-plugin] register pkg open-harmonyos: 0.492ms
2022-12-02T07:57:13.712Z - log: [Package] oppo-mini-game@1.0.1 enable
2022-12-02T07:57:13.714Z - log: [Build-plugin] register pkg oppo-mini-game: 1.923ms
2022-12-02T07:57:13.736Z - log: [Package] runtime-dev-tools@1.0.0 enable
2022-12-02T07:57:13.758Z - log: [Package] vivo-mini-game@1.0.1 enable
2022-12-02T07:57:13.760Z - log: [Build-plugin] register pkg vivo-mini-game: 2.111ms
2022-12-02T07:57:13.797Z - log: [Package] web-desktop@1.0.1 enable
2022-12-02T07:57:13.799Z - log: [Build-plugin] register pkg web-desktop: 1.833ms
2022-12-02T07:57:13.825Z - log: [Package] web-mobile@1.0.1 enable
2022-12-02T07:57:13.827Z - log: [Build-plugin] register pkg web-mobile: 1.698ms
2022-12-02T07:57:13.853Z - log: [Package] wechatgame@1.0.2 enable
2022-12-02T07:57:13.855Z - log: [Build-plugin] register pkg wechatgame: 2.007ms
2022-12-02T07:57:13.878Z - log: [Package] windows@1.0.1 enable
2022-12-02T07:57:13.880Z - log: [Build-plugin] register pkg windows: 1.64ms
2022-12-02T07:57:13.906Z - log: [Package] xiaomi-quick-game@1.0.1 enable
2022-12-02T07:57:13.908Z - log: [Build-plugin] register pkg xiaomi-quick-game: 1.892ms
2022-12-02T07:57:14.046Z - log: [Package] cocos-service@3.0.4 enable
2022-12-02T07:57:14.048Z - log: [Build-plugin] register pkg cocos-service: 0.936ms
2022-12-02T07:57:14.181Z - log: [Im-plugin] Check im-plugin version.
2022-12-02T07:57:14.184Z - log: [Package] im-plugin@3.0.9 enable
2022-12-02T07:57:15.923Z - log: [Scene] Please specifiy a default value for "cc.EditorExtendable.__editorExtras__" property at its declaration:

 
// Before:
@property(...)
myProp;
// After:
@property(...)
myProp = 0;
2022-12-02T07:57:15.935Z - log: [Scene] Please specifiy a default value for "CCPropertyOverrideInfo.value" property at its declaration:

 
// Before:
@property(...)
myProp;
// After:
@property(...)
myProp = 0;
2022-12-02T07:57:15.935Z - log: [Scene] Please specifiy a default value for "cc.PrefabInfo.asset" property at its declaration:

 
// Before:
@property(...)
myProp;
// After:
@property(...)
myProp = 0;
2022-12-02T07:57:15.935Z - log: [Scene] Please specifiy a default value for "cc.PrefabInfo.nestedPrefabInstanceRoots" property at its declaration:

 
// Before:
@property(...)
myProp;
// After:
@property(...)
myProp = 0;
2022-12-02T07:57:15.937Z - log: [Scene] The 'default' attribute of 'ColorDesc.beginAccesses' must be an array
2022-12-02T07:57:15.937Z - log: [Scene] The 'default' attribute of 'ColorDesc.endAccesses' must be an array
2022-12-02T07:57:15.945Z - log: [Scene] Please specifiy a default value for "cc.animation.TrackBinding.proxy" property at its declaration:

 
// Before:
@property(...)
myProp;
// After:
@property(...)
myProp = 0;
2022-12-02T07:57:15.945Z - log: [Scene] Please specifiy a default value for "cc.animation.Channel._curve" property at its declaration:

 
// Before:
@property(...)
myProp;
// After:
@property(...)
myProp = 0;
2022-12-02T07:57:15.945Z - log: [Scene] Please specifiy a default value for "cc.animation.SingleChannelTrack._channel" property at its declaration:

 
// Before:
@property(...)
myProp;
// After:
@property(...)
myProp = 0;
2022-12-02T07:57:15.945Z - log: [Scene] Please specifiy a default value for "cc.animation.VectorTrack._channels" property at its declaration:

 
// Before:
@property(...)
myProp;
// After:
@property(...)
myProp = 0;
2022-12-02T07:57:15.945Z - log: [Scene] Please specifiy a default value for "cc.animation.ColorTrack._channels" property at its declaration:

 
// Before:
@property(...)
myProp;
// After:
@property(...)
myProp = 0;
2022-12-02T07:57:15.945Z - log: [Scene] Please specifiy a default value for "cc.animation.SizeTrack._channels" property at its declaration:

 
// Before:
@property(...)
myProp;
// After:
@property(...)
myProp = 0;
2022-12-02T07:57:15.946Z - log: [Scene] Please specifiy a default value for "cc.animation.Transition.from" property at its declaration:

 
// Before:
@property(...)
myProp;
// After:
@property(...)
myProp = 0;
2022-12-02T07:57:15.946Z - log: [Scene] Please specifiy a default value for "cc.animation.Transition.to" property at its declaration:

 
// Before:
@property(...)
myProp;
// After:
@property(...)
myProp = 0;
2022-12-02T07:57:15.946Z - log: [Scene] Please specifiy a default value for "cc.animation.StateMachine._entryState" property at its declaration:

 
// Before:
@property(...)
myProp;
// After:
@property(...)
myProp = 0;
2022-12-02T07:57:15.946Z - log: [Scene] Please specifiy a default value for "cc.animation.StateMachine._exitState" property at its declaration:

 
// Before:
@property(...)
myProp;
// After:
@property(...)
myProp = 0;
2022-12-02T07:57:15.946Z - log: [Scene] Please specifiy a default value for "cc.animation.StateMachine._anyState" property at its declaration:

 
// Before:
@property(...)
myProp;
// After:
@property(...)
myProp = 0;
2022-12-02T07:57:15.946Z - log: [Scene] Please specifiy a default value for "cc.animation.Layer._stateMachine" property at its declaration:

 
// Before:
@property(...)
myProp;
// After:
@property(...)
myProp = 0;
2022-12-02T07:57:15.946Z - log: [Scene] Please specifiy a default value for "cc.animation.ExoticVectorLikeTrackValues._values" property at its declaration:

 
// Before:
@property(...)
myProp;
// After:
@property(...)
myProp = 0;
2022-12-02T07:57:15.946Z - log: [Scene] Please specifiy a default value for "cc.animation.ExoticVectorLikeTrackValues._isQuantized" property at its declaration:

 
// Before:
@property(...)
myProp;
// After:
@property(...)
myProp = 0;
2022-12-02T07:57:15.947Z - log: [Scene] Please specifiy a default value for "cc.animation.ExoticTrack.times" property at its declaration:

 
// Before:
@property(...)
myProp;
// After:
@property(...)
myProp = 0;
2022-12-02T07:57:15.947Z - log: [Scene] Please specifiy a default value for "cc.animation.ExoticTrack.values" property at its declaration:

 
// Before:
@property(...)
myProp;
// After:
@property(...)
myProp = 0;
2022-12-02T07:57:15.947Z - log: [Scene] Please specifiy a default value for "cc.animation.QuantizedFloatArray.originalPrecision" property at its declaration:

 
// Before:
@property(...)
myProp;
// After:
@property(...)
myProp = 0;
2022-12-02T07:57:15.947Z - log: [Scene] Please specifiy a default value for "cc.animation.QuantizedFloatArray.min" property at its declaration:

 
// Before:
@property(...)
myProp;
// After:
@property(...)
myProp = 0;
2022-12-02T07:57:15.947Z - log: [Scene] Please specifiy a default value for "cc.animation.QuantizedFloatArray.extent" property at its declaration:

 
// Before:
@property(...)
myProp;
// After:
@property(...)
myProp = 0;
2022-12-02T07:57:15.947Z - log: [Scene] Please specifiy a default value for "cc.animation.QuantizedFloatArray.values" property at its declaration:

 
// Before:
@property(...)
myProp;
// After:
@property(...)
myProp = 0;
2022-12-02T07:57:15.966Z - log: [Scene] 'cc.ParticleSystem2D.color' hides inherited property 'cc.UIRenderer.color'. To make the current property override that implementation, add the `override: true` attribute please.
2022-12-02T07:57:15.989Z - log: [Scene] No needs to indicate the 'cc.Boolean' attribute for "cc.Terrain._receiveShadow", which its default value is type of Boolean.
2022-12-02T07:57:15.989Z - log: [Scene] No needs to indicate the 'cc.Boolean' attribute for "cc.Terrain._useNormalmap", which its default value is type of Boolean.
2022-12-02T07:57:15.990Z - log: [Scene] No needs to indicate the 'cc.Boolean' attribute for "cc.Terrain._usePBR", which its default value is type of Boolean.
2022-12-02T07:57:15.990Z - log: [Scene] No needs to indicate the 'cc.Boolean' attribute for "cc.Terrain._lodEnable", which its default value is type of Boolean.
2022-12-02T07:57:16.044Z - info: [Scene] [Physics][Bullet]: Using asmjs Bullet libs.
2022-12-02T07:57:16.050Z - info: [Scene] [PHYSICS]: using builtin.
2022-12-02T07:57:16.117Z - log: [Scene] Cocos Creator v3.6.1
2022-12-02T07:57:16.117Z - info: [Scene] Forward render pipeline initialized.
2022-12-02T07:57:16.186Z - warn: [Scene] 'SystemEvent' is deprecated since v3.4.0, please use 'Input' instead.Error: [Scene] 'SystemEvent' is deprecated since v3.4.0, please use 'Input' instead.
    at warn (/Applications/CocosCreator/Creator/3.6.1/CocosCreator.app/Contents/Resources/resources/3d/engine/bin/.cache/dev/editor/bundled/index.js:134564:12)
    at warnID (/Applications/CocosCreator/Creator/3.6.1/CocosCreator.app/Contents/Resources/resources/3d/engine/bin/.cache/dev/editor/bundled/index.js:134778:5)
    at _checkObsoleteByName (/Applications/CocosCreator/Creator/3.6.1/CocosCreator.app/Contents/Resources/resources/3d/engine/bin/.cache/dev/editor/bundled/index.js:159271:7)
    at __checkObsolete__ (/Applications/CocosCreator/Creator/3.6.1/CocosCreator.app/Contents/Resources/resources/3d/engine/bin/.cache/dev/editor/bundled/index.js:159291:7)
    at Object.execute (file:///Users/abhishekrawat/Documents/Git/Mommy-mermed/temp/programming/packer-driver/targets/editor/chunks/3a/3a868b91c940dd362b7320e3c919c5f494c4ebc5.js:66:7)
    at doExec (/Applications/CocosCreator/Creator/3.6.1/CocosCreator.app/Contents/Resources/app.asar/node_modules/@editor/lib-programming/static/executor/systemjs-bridge/out/index.js:517:30)
    at postOrderExec (/Applications/CocosCreator/Creator/3.6.1/CocosCreator.app/Contents/Resources/app.asar/node_modules/@editor/lib-programming/static/executor/systemjs-bridge/out/index.js:508:21)
2022-12-02T07:57:18.324Z - log: [Im-plugin] No online info of im-plugin.
2022-12-02T07:57:55.251Z - log: [Window] Deprecated as of 10.7.0. highlight(lang, code, ...args) has been deprecated.
2022-12-02T07:57:55.251Z - log: [Window] Deprecated as of 10.7.0. Please use highlight(code, options) instead.
https://github.com/highlightjs/highlight.js/issues/2277
2022-12-02T07:57:55.291Z - warn: Please set the application in Preferences -> External Programs -> Default Script Editor to better open the script
