debug: Thu, 01 Dec 2022 08:28:48 GMT
debug: Project: /Users/abhishekrawat/Documents/Git/Mommy-mermed
debug: Targets: editor,preview
debug: Incremental file seems great.
debug: Engine path: /Applications/CocosCreator/Creator/3.6.1/CocosCreator.app/Contents/Resources/resources/3d/engine
debug: Initializing target [Editor]
debug: Loading cache
debug: Loading cache costs 0.7165839988738298ms.
debug: Engine features shipped in editor: base,gfx-webgl,gfx-webgl2,3d,animation,skeletal-animation,2d,ui,particle,particle-2d,physics-framework,physics-2d-framework,intersection-2d,primitive,profiler,occlusion-query,geometry-renderer,debug-renderer,audio,video,xr,terrain,webview,tween,tiled-map,spine,dragon-bones,marionette,custom-pipeline
debug: Our import map(foo:/bar): {
  "imports": {
    "cc": "cce:/internal/x/cc"
  }
}
debug: Initializing target [Preview]
debug: Loading cache
debug: Loading cache costs 0.5428749993443489ms.
debug: Our import map(foo:/bar): {
  "imports": {
    "cc": "cce:/internal/x/cc"
  }
}
debug: Sync engine features: 2d,animation,audio,base,dragon-bones,gfx-webgl,gfx-webgl2,intersection-2d,particle-2d,physics-2d-box2d,profiler,spine,tiled-map,tween,ui,video,webview
debug: Reset databases. Enumerated domains: [
  {
    "root": "db://internal/",
    "physical": "/Applications/CocosCreator/Creator/3.6.1/CocosCreator.app/Contents/Resources/resources/3d/engine/editor/assets"
  },
  {
    "root": "db://assets/",
    "physical": "/Users/abhishekrawat/Documents/Git/Mommy-mermed/assets"
  }
]
debug: Our import map(foo:/bar): {
  "imports": {
    "cc": "cce:/internal/x/cc",
    "db://internal/": "file:///Applications/CocosCreator/Creator/3.6.1/CocosCreator.app/Contents/Resources/resources/3d/engine/editor/assets/",
    "db://assets/": "file:///Users/abhishekrawat/Documents/Git/Mommy-mermed/assets/"
  }
}
debug: Our import map(foo:/bar): {
  "imports": {
    "cc": "cce:/internal/x/cc",
    "db://internal/": "file:///Applications/CocosCreator/Creator/3.6.1/CocosCreator.app/Contents/Resources/resources/3d/engine/editor/assets/",
    "db://assets/": "file:///Users/abhishekrawat/Documents/Git/Mommy-mermed/assets/"
  }
}
debug: Pulling asset-db.
debug: Fetch asset-db cost: 3.137915998697281ms.
debug: Build iteration starts.
Number of accumulated asset changes: 11
Feature changed: false
debug: Target(editor) build started.
debug: Detected change: cce:/internal/x/cc. Last mtime: Thu Jan 01 1970 05:30:03 GMT+0530 (India Standard Time), Current mtime: Thu Jan 01 1970 05:30:03 GMT+0530 (India Standard Time)
debug: Inspect cce:/internal/x/cc
debug: Resolve cce:/internal/x/cc-fu/base from cce:/internal/x/cc as external dependency cce:/internal/x/cc-fu/base.
debug: Resolve cce:/internal/x/cc-fu/gfx-webgl from cce:/internal/x/cc as external dependency cce:/internal/x/cc-fu/gfx-webgl.
debug: Resolve cce:/internal/x/cc-fu/gfx-webgl2 from cce:/internal/x/cc as external dependency cce:/internal/x/cc-fu/gfx-webgl2.
debug: Resolve cce:/internal/x/cc-fu/3d from cce:/internal/x/cc as external dependency cce:/internal/x/cc-fu/3d.
debug: Resolve cce:/internal/x/cc-fu/animation from cce:/internal/x/cc as external dependency cce:/internal/x/cc-fu/animation.
debug: Resolve cce:/internal/x/cc-fu/skeletal-animation from cce:/internal/x/cc as external dependency cce:/internal/x/cc-fu/skeletal-animation.
debug: Resolve cce:/internal/x/cc-fu/2d from cce:/internal/x/cc as external dependency cce:/internal/x/cc-fu/2d.
debug: Resolve cce:/internal/x/cc-fu/ui from cce:/internal/x/cc as external dependency cce:/internal/x/cc-fu/ui.
debug: Resolve cce:/internal/x/cc-fu/particle from cce:/internal/x/cc as external dependency cce:/internal/x/cc-fu/particle.
debug: Resolve cce:/internal/x/cc-fu/particle-2d from cce:/internal/x/cc as external dependency cce:/internal/x/cc-fu/particle-2d.
debug: Resolve cce:/internal/x/cc-fu/physics-framework from cce:/internal/x/cc as external dependency cce:/internal/x/cc-fu/physics-framework.
debug: Resolve cce:/internal/x/cc-fu/physics-2d-framework from cce:/internal/x/cc as external dependency cce:/internal/x/cc-fu/physics-2d-framework.
debug: Resolve cce:/internal/x/cc-fu/intersection-2d from cce:/internal/x/cc as external dependency cce:/internal/x/cc-fu/intersection-2d.
debug: Resolve cce:/internal/x/cc-fu/primitive from cce:/internal/x/cc as external dependency cce:/internal/x/cc-fu/primitive.
debug: Resolve cce:/internal/x/cc-fu/profiler from cce:/internal/x/cc as external dependency cce:/internal/x/cc-fu/profiler.
debug: Resolve cce:/internal/x/cc-fu/geometry-renderer from cce:/internal/x/cc as external dependency cce:/internal/x/cc-fu/geometry-renderer.
debug: Resolve cce:/internal/x/cc-fu/audio from cce:/internal/x/cc as external dependency cce:/internal/x/cc-fu/audio.
debug: Resolve cce:/internal/x/cc-fu/video from cce:/internal/x/cc as external dependency cce:/internal/x/cc-fu/video.
debug: Resolve cce:/internal/x/cc-fu/xr from cce:/internal/x/cc as external dependency cce:/internal/x/cc-fu/xr.
debug: Resolve cce:/internal/x/cc-fu/terrain from cce:/internal/x/cc as external dependency cce:/internal/x/cc-fu/terrain.
debug: Resolve cce:/internal/x/cc-fu/webview from cce:/internal/x/cc as external dependency cce:/internal/x/cc-fu/webview.
debug: Resolve cce:/internal/x/cc-fu/tween from cce:/internal/x/cc as external dependency cce:/internal/x/cc-fu/tween.
debug: Resolve cce:/internal/x/cc-fu/tiled-map from cce:/internal/x/cc as external dependency cce:/internal/x/cc-fu/tiled-map.
debug: Resolve cce:/internal/x/cc-fu/spine from cce:/internal/x/cc as external dependency cce:/internal/x/cc-fu/spine.
debug: Resolve cce:/internal/x/cc-fu/dragon-bones from cce:/internal/x/cc as external dependency cce:/internal/x/cc-fu/dragon-bones.
debug: Resolve cce:/internal/x/cc-fu/custom-pipeline from cce:/internal/x/cc as external dependency cce:/internal/x/cc-fu/custom-pipeline.
debug: Detected change: cce:/internal/x/prerequisite-imports. Last mtime: Thu Jan 01 1970 05:30:04 GMT+0530 (India Standard Time), Current mtime: Thu Jan 01 1970 05:30:03 GMT+0530 (India Standard Time)
debug: Inspect cce:/internal/x/prerequisite-imports
debug: Resolve file:///Users/abhishekrawat/Documents/Git/Mommy-mermed/assets/Scripts/Audio.ts from cce:/internal/x/prerequisite-imports as file:///Users/abhishekrawat/Documents/Git/Mommy-mermed/assets/Scripts/Audio.ts.
debug: Inspect file:///Users/abhishekrawat/Documents/Git/Mommy-mermed/assets/Scripts/Audio.ts
debug: Resolve cc from file:///Users/abhishekrawat/Documents/Git/Mommy-mermed/assets/Scripts/Audio.ts as cce:/internal/x/cc.
debug: Resolve cc from file:///Users/abhishekrawat/Documents/Git/Mommy-mermed/assets/Scripts/Audio.ts as cce:/internal/x/cc.
debug: Resolve cc from file:///Users/abhishekrawat/Documents/Git/Mommy-mermed/assets/Scripts/Audio.ts as cce:/internal/x/cc.
debug: Resolve file:///Users/abhishekrawat/Documents/Git/Mommy-mermed/assets/Scripts/FitSprite.ts from cce:/internal/x/prerequisite-imports as file:///Users/abhishekrawat/Documents/Git/Mommy-mermed/assets/Scripts/FitSprite.ts.
debug: Inspect file:///Users/abhishekrawat/Documents/Git/Mommy-mermed/assets/Scripts/FitSprite.ts
debug: Resolve cc from file:///Users/abhishekrawat/Documents/Git/Mommy-mermed/assets/Scripts/FitSprite.ts as cce:/internal/x/cc.
debug: Resolve cc from file:///Users/abhishekrawat/Documents/Git/Mommy-mermed/assets/Scripts/FitSprite.ts as cce:/internal/x/cc.
debug: Resolve cc from file:///Users/abhishekrawat/Documents/Git/Mommy-mermed/assets/Scripts/FitSprite.ts as cce:/internal/x/cc.
debug: Resolve file:///Users/abhishekrawat/Documents/Git/Mommy-mermed/assets/Scripts/GamePlay.ts from cce:/internal/x/prerequisite-imports as file:///Users/abhishekrawat/Documents/Git/Mommy-mermed/assets/Scripts/GamePlay.ts.
debug: Inspect file:///Users/abhishekrawat/Documents/Git/Mommy-mermed/assets/Scripts/GamePlay.ts
debug: Resolve cce:/internal/code-quality/cr.mjs from file:///Users/abhishekrawat/Documents/Git/Mommy-mermed/assets/Scripts/GamePlay.ts as cce:/internal/code-quality/cr.mjs.
debug: Detected change: cce:/internal/code-quality/cr.mjs. Last mtime: Thu Dec 01 2022 13:36:41 GMT+0530 (India Standard Time), Current mtime: Thu Dec 01 2022 13:58:44 GMT+0530 (India Standard Time)
debug: Inspect cce:/internal/code-quality/cr.mjs
debug: Resolve cc from file:///Users/abhishekrawat/Documents/Git/Mommy-mermed/assets/Scripts/GamePlay.ts as cce:/internal/x/cc.
debug: Resolve cc from file:///Users/abhishekrawat/Documents/Git/Mommy-mermed/assets/Scripts/GamePlay.ts as cce:/internal/x/cc.
debug: Resolve cc from file:///Users/abhishekrawat/Documents/Git/Mommy-mermed/assets/Scripts/GamePlay.ts as cce:/internal/x/cc.
debug: Resolve ./photoSlice2 from file:///Users/abhishekrawat/Documents/Git/Mommy-mermed/assets/Scripts/GamePlay.ts as file:///Users/abhishekrawat/Documents/Git/Mommy-mermed/assets/Scripts/photoSlice2.ts.
debug: Inspect file:///Users/abhishekrawat/Documents/Git/Mommy-mermed/assets/Scripts/photoSlice2.ts
debug: Resolve cc from file:///Users/abhishekrawat/Documents/Git/Mommy-mermed/assets/Scripts/photoSlice2.ts as cce:/internal/x/cc.
debug: Resolve cc from file:///Users/abhishekrawat/Documents/Git/Mommy-mermed/assets/Scripts/photoSlice2.ts as cce:/internal/x/cc.
debug: Resolve cc from file:///Users/abhishekrawat/Documents/Git/Mommy-mermed/assets/Scripts/photoSlice2.ts as cce:/internal/x/cc.
debug: Resolve file:///Users/abhishekrawat/Documents/Git/Mommy-mermed/assets/Scripts/Managers/ResourceUtils.ts from cce:/internal/x/prerequisite-imports as file:///Users/abhishekrawat/Documents/Git/Mommy-mermed/assets/Scripts/Managers/ResourceUtils.ts.
debug: Inspect file:///Users/abhishekrawat/Documents/Git/Mommy-mermed/assets/Scripts/Managers/ResourceUtils.ts
debug: Resolve cc from file:///Users/abhishekrawat/Documents/Git/Mommy-mermed/assets/Scripts/Managers/ResourceUtils.ts as cce:/internal/x/cc.
debug: Resolve cc from file:///Users/abhishekrawat/Documents/Git/Mommy-mermed/assets/Scripts/Managers/ResourceUtils.ts as cce:/internal/x/cc.
debug: Resolve cc from file:///Users/abhishekrawat/Documents/Git/Mommy-mermed/assets/Scripts/Managers/ResourceUtils.ts as cce:/internal/x/cc.
debug: Resolve file:///Users/abhishekrawat/Documents/Git/Mommy-mermed/assets/Scripts/Managers/SoundManager.ts from cce:/internal/x/prerequisite-imports as file:///Users/abhishekrawat/Documents/Git/Mommy-mermed/assets/Scripts/Managers/SoundManager.ts.
debug: Inspect file:///Users/abhishekrawat/Documents/Git/Mommy-mermed/assets/Scripts/Managers/SoundManager.ts
debug: Resolve cc from file:///Users/abhishekrawat/Documents/Git/Mommy-mermed/assets/Scripts/Managers/SoundManager.ts as cce:/internal/x/cc.
debug: Resolve cc from file:///Users/abhishekrawat/Documents/Git/Mommy-mermed/assets/Scripts/Managers/SoundManager.ts as cce:/internal/x/cc.
debug: Resolve file:///Users/abhishekrawat/Documents/Git/Mommy-mermed/assets/Scripts/SettingMenu.ts from cce:/internal/x/prerequisite-imports as file:///Users/abhishekrawat/Documents/Git/Mommy-mermed/assets/Scripts/SettingMenu.ts.
debug: Inspect file:///Users/abhishekrawat/Documents/Git/Mommy-mermed/assets/Scripts/SettingMenu.ts
debug: Resolve cce:/internal/code-quality/cr.mjs from file:///Users/abhishekrawat/Documents/Git/Mommy-mermed/assets/Scripts/SettingMenu.ts as cce:/internal/code-quality/cr.mjs.
debug: Resolve cc from file:///Users/abhishekrawat/Documents/Git/Mommy-mermed/assets/Scripts/SettingMenu.ts as cce:/internal/x/cc.
debug: Resolve cc from file:///Users/abhishekrawat/Documents/Git/Mommy-mermed/assets/Scripts/SettingMenu.ts as cce:/internal/x/cc.
debug: Resolve cc from file:///Users/abhishekrawat/Documents/Git/Mommy-mermed/assets/Scripts/SettingMenu.ts as cce:/internal/x/cc.
debug: Resolve ./SingleTon from file:///Users/abhishekrawat/Documents/Git/Mommy-mermed/assets/Scripts/SettingMenu.ts as file:///Users/abhishekrawat/Documents/Git/Mommy-mermed/assets/Scripts/SingleTon.ts.
debug: Inspect file:///Users/abhishekrawat/Documents/Git/Mommy-mermed/assets/Scripts/SingleTon.ts
debug: Resolve cc from file:///Users/abhishekrawat/Documents/Git/Mommy-mermed/assets/Scripts/SingleTon.ts as cce:/internal/x/cc.
debug: Resolve cc from file:///Users/abhishekrawat/Documents/Git/Mommy-mermed/assets/Scripts/SingleTon.ts as cce:/internal/x/cc.
debug: Resolve ./Managers/SoundManager from file:///Users/abhishekrawat/Documents/Git/Mommy-mermed/assets/Scripts/SettingMenu.ts as file:///Users/abhishekrawat/Documents/Git/Mommy-mermed/assets/Scripts/Managers/SoundManager.ts.
debug: Resolve ./Managers/ResourceUtils from file:///Users/abhishekrawat/Documents/Git/Mommy-mermed/assets/Scripts/SettingMenu.ts as file:///Users/abhishekrawat/Documents/Git/Mommy-mermed/assets/Scripts/Managers/ResourceUtils.ts.
debug: Resolve file:///Users/abhishekrawat/Documents/Git/Mommy-mermed/assets/Scripts/SingleTon.ts from cce:/internal/x/prerequisite-imports as file:///Users/abhishekrawat/Documents/Git/Mommy-mermed/assets/Scripts/SingleTon.ts.
debug: Resolve file:///Users/abhishekrawat/Documents/Git/Mommy-mermed/assets/Scripts/glowing.ts from cce:/internal/x/prerequisite-imports as file:///Users/abhishekrawat/Documents/Git/Mommy-mermed/assets/Scripts/glowing.ts.
debug: Inspect file:///Users/abhishekrawat/Documents/Git/Mommy-mermed/assets/Scripts/glowing.ts
debug: Resolve cc from file:///Users/abhishekrawat/Documents/Git/Mommy-mermed/assets/Scripts/glowing.ts as cce:/internal/x/cc.
debug: Resolve cc from file:///Users/abhishekrawat/Documents/Git/Mommy-mermed/assets/Scripts/glowing.ts as cce:/internal/x/cc.
debug: Resolve cc from file:///Users/abhishekrawat/Documents/Git/Mommy-mermed/assets/Scripts/glowing.ts as cce:/internal/x/cc.
debug: Resolve file:///Users/abhishekrawat/Documents/Git/Mommy-mermed/assets/Scripts/imageLoad.ts from cce:/internal/x/prerequisite-imports as file:///Users/abhishekrawat/Documents/Git/Mommy-mermed/assets/Scripts/imageLoad.ts.
debug: Inspect file:///Users/abhishekrawat/Documents/Git/Mommy-mermed/assets/Scripts/imageLoad.ts
debug: Resolve cce:/internal/code-quality/cr.mjs from file:///Users/abhishekrawat/Documents/Git/Mommy-mermed/assets/Scripts/imageLoad.ts as cce:/internal/code-quality/cr.mjs.
debug: Resolve cc from file:///Users/abhishekrawat/Documents/Git/Mommy-mermed/assets/Scripts/imageLoad.ts as cce:/internal/x/cc.
debug: Resolve cc from file:///Users/abhishekrawat/Documents/Git/Mommy-mermed/assets/Scripts/imageLoad.ts as cce:/internal/x/cc.
debug: Resolve cc from file:///Users/abhishekrawat/Documents/Git/Mommy-mermed/assets/Scripts/imageLoad.ts as cce:/internal/x/cc.
debug: Resolve ./FitSprite from file:///Users/abhishekrawat/Documents/Git/Mommy-mermed/assets/Scripts/imageLoad.ts as file:///Users/abhishekrawat/Documents/Git/Mommy-mermed/assets/Scripts/FitSprite.ts.
debug: Resolve file:///Users/abhishekrawat/Documents/Git/Mommy-mermed/assets/Scripts/photoSlice2.ts from cce:/internal/x/prerequisite-imports as file:///Users/abhishekrawat/Documents/Git/Mommy-mermed/assets/Scripts/photoSlice2.ts.
debug: Resolve file:///Users/abhishekrawat/Documents/Git/Mommy-mermed/assets/Scripts/resourceLoader.ts from cce:/internal/x/prerequisite-imports as file:///Users/abhishekrawat/Documents/Git/Mommy-mermed/assets/Scripts/resourceLoader.ts.
debug: Inspect file:///Users/abhishekrawat/Documents/Git/Mommy-mermed/assets/Scripts/resourceLoader.ts
debug: Resolve cce:/internal/code-quality/cr.mjs from file:///Users/abhishekrawat/Documents/Git/Mommy-mermed/assets/Scripts/resourceLoader.ts as cce:/internal/code-quality/cr.mjs.
debug: Resolve cc from file:///Users/abhishekrawat/Documents/Git/Mommy-mermed/assets/Scripts/resourceLoader.ts as cce:/internal/x/cc.
debug: Resolve cc from file:///Users/abhishekrawat/Documents/Git/Mommy-mermed/assets/Scripts/resourceLoader.ts as cce:/internal/x/cc.
debug: Resolve cc from file:///Users/abhishekrawat/Documents/Git/Mommy-mermed/assets/Scripts/resourceLoader.ts as cce:/internal/x/cc.
debug: Resolve ./GamePlay from file:///Users/abhishekrawat/Documents/Git/Mommy-mermed/assets/Scripts/resourceLoader.ts as file:///Users/abhishekrawat/Documents/Git/Mommy-mermed/assets/Scripts/GamePlay.ts.
debug: Resolve ./glowing from file:///Users/abhishekrawat/Documents/Git/Mommy-mermed/assets/Scripts/resourceLoader.ts as file:///Users/abhishekrawat/Documents/Git/Mommy-mermed/assets/Scripts/glowing.ts.
debug: Resolve ./Managers/SoundManager from file:///Users/abhishekrawat/Documents/Git/Mommy-mermed/assets/Scripts/resourceLoader.ts as file:///Users/abhishekrawat/Documents/Git/Mommy-mermed/assets/Scripts/Managers/SoundManager.ts.
debug: Resolve ./SingleTon from file:///Users/abhishekrawat/Documents/Git/Mommy-mermed/assets/Scripts/resourceLoader.ts as file:///Users/abhishekrawat/Documents/Git/Mommy-mermed/assets/Scripts/SingleTon.ts.
debug: Resolve ./Managers/ResourceUtils from file:///Users/abhishekrawat/Documents/Git/Mommy-mermed/assets/Scripts/resourceLoader.ts as file:///Users/abhishekrawat/Documents/Git/Mommy-mermed/assets/Scripts/Managers/ResourceUtils.ts.
debug: Target(editor) ends with cost 339.29241699911654ms.
debug: Target(preview) build started.
debug: Detected change: cce:/internal/x/cc. Last mtime: Thu Jan 01 1970 05:30:03 GMT+0530 (India Standard Time), Current mtime: Thu Jan 01 1970 05:30:03 GMT+0530 (India Standard Time)
debug: Inspect cce:/internal/x/cc
debug: Resolve cce:/internal/x/cc-fu/2d from cce:/internal/x/cc as external dependency cce:/internal/x/cc-fu/2d.
debug: Resolve cce:/internal/x/cc-fu/animation from cce:/internal/x/cc as external dependency cce:/internal/x/cc-fu/animation.
debug: Resolve cce:/internal/x/cc-fu/audio from cce:/internal/x/cc as external dependency cce:/internal/x/cc-fu/audio.
debug: Resolve cce:/internal/x/cc-fu/base from cce:/internal/x/cc as external dependency cce:/internal/x/cc-fu/base.
debug: Resolve cce:/internal/x/cc-fu/dragon-bones from cce:/internal/x/cc as external dependency cce:/internal/x/cc-fu/dragon-bones.
debug: Resolve cce:/internal/x/cc-fu/gfx-webgl from cce:/internal/x/cc as external dependency cce:/internal/x/cc-fu/gfx-webgl.
debug: Resolve cce:/internal/x/cc-fu/gfx-webgl2 from cce:/internal/x/cc as external dependency cce:/internal/x/cc-fu/gfx-webgl2.
debug: Resolve cce:/internal/x/cc-fu/intersection-2d from cce:/internal/x/cc as external dependency cce:/internal/x/cc-fu/intersection-2d.
debug: Resolve cce:/internal/x/cc-fu/particle-2d from cce:/internal/x/cc as external dependency cce:/internal/x/cc-fu/particle-2d.
debug: Resolve cce:/internal/x/cc-fu/physics-2d-box2d from cce:/internal/x/cc as external dependency cce:/internal/x/cc-fu/physics-2d-box2d.
debug: Resolve cce:/internal/x/cc-fu/physics-2d-framework from cce:/internal/x/cc as external dependency cce:/internal/x/cc-fu/physics-2d-framework.
debug: Resolve cce:/internal/x/cc-fu/profiler from cce:/internal/x/cc as external dependency cce:/internal/x/cc-fu/profiler.
debug: Resolve cce:/internal/x/cc-fu/spine from cce:/internal/x/cc as external dependency cce:/internal/x/cc-fu/spine.
debug: Resolve cce:/internal/x/cc-fu/tiled-map from cce:/internal/x/cc as external dependency cce:/internal/x/cc-fu/tiled-map.
debug: Resolve cce:/internal/x/cc-fu/tween from cce:/internal/x/cc as external dependency cce:/internal/x/cc-fu/tween.
debug: Resolve cce:/internal/x/cc-fu/ui from cce:/internal/x/cc as external dependency cce:/internal/x/cc-fu/ui.
debug: Resolve cce:/internal/x/cc-fu/video from cce:/internal/x/cc as external dependency cce:/internal/x/cc-fu/video.
debug: Resolve cce:/internal/x/cc-fu/webview from cce:/internal/x/cc as external dependency cce:/internal/x/cc-fu/webview.
debug: Detected change: cce:/internal/x/prerequisite-imports. Last mtime: Thu Jan 01 1970 05:30:04 GMT+0530 (India Standard Time), Current mtime: Thu Jan 01 1970 05:30:04 GMT+0530 (India Standard Time)
debug: Inspect cce:/internal/x/prerequisite-imports
debug: Resolve file:///Users/abhishekrawat/Documents/Git/Mommy-mermed/assets/Scripts/Audio.ts from cce:/internal/x/prerequisite-imports as file:///Users/abhishekrawat/Documents/Git/Mommy-mermed/assets/Scripts/Audio.ts.
debug: Inspect file:///Users/abhishekrawat/Documents/Git/Mommy-mermed/assets/Scripts/Audio.ts
debug: Resolve cc from file:///Users/abhishekrawat/Documents/Git/Mommy-mermed/assets/Scripts/Audio.ts as cce:/internal/x/cc.
debug: Resolve cc from file:///Users/abhishekrawat/Documents/Git/Mommy-mermed/assets/Scripts/Audio.ts as cce:/internal/x/cc.
debug: Resolve cc from file:///Users/abhishekrawat/Documents/Git/Mommy-mermed/assets/Scripts/Audio.ts as cce:/internal/x/cc.
debug: Resolve file:///Users/abhishekrawat/Documents/Git/Mommy-mermed/assets/Scripts/FitSprite.ts from cce:/internal/x/prerequisite-imports as file:///Users/abhishekrawat/Documents/Git/Mommy-mermed/assets/Scripts/FitSprite.ts.
debug: Inspect file:///Users/abhishekrawat/Documents/Git/Mommy-mermed/assets/Scripts/FitSprite.ts
debug: Resolve cc from file:///Users/abhishekrawat/Documents/Git/Mommy-mermed/assets/Scripts/FitSprite.ts as cce:/internal/x/cc.
debug: Resolve cc from file:///Users/abhishekrawat/Documents/Git/Mommy-mermed/assets/Scripts/FitSprite.ts as cce:/internal/x/cc.
debug: Resolve cc from file:///Users/abhishekrawat/Documents/Git/Mommy-mermed/assets/Scripts/FitSprite.ts as cce:/internal/x/cc.
debug: Resolve file:///Users/abhishekrawat/Documents/Git/Mommy-mermed/assets/Scripts/GamePlay.ts from cce:/internal/x/prerequisite-imports as file:///Users/abhishekrawat/Documents/Git/Mommy-mermed/assets/Scripts/GamePlay.ts.
debug: Inspect file:///Users/abhishekrawat/Documents/Git/Mommy-mermed/assets/Scripts/GamePlay.ts
debug: Resolve cce:/internal/code-quality/cr.mjs from file:///Users/abhishekrawat/Documents/Git/Mommy-mermed/assets/Scripts/GamePlay.ts as cce:/internal/code-quality/cr.mjs.
debug: Detected change: cce:/internal/code-quality/cr.mjs. Last mtime: Thu Dec 01 2022 13:36:41 GMT+0530 (India Standard Time), Current mtime: Thu Dec 01 2022 13:58:44 GMT+0530 (India Standard Time)
debug: Inspect cce:/internal/code-quality/cr.mjs
debug: Resolve cc from file:///Users/abhishekrawat/Documents/Git/Mommy-mermed/assets/Scripts/GamePlay.ts as cce:/internal/x/cc.
debug: Resolve cc from file:///Users/abhishekrawat/Documents/Git/Mommy-mermed/assets/Scripts/GamePlay.ts as cce:/internal/x/cc.
debug: Resolve cc from file:///Users/abhishekrawat/Documents/Git/Mommy-mermed/assets/Scripts/GamePlay.ts as cce:/internal/x/cc.
debug: Resolve ./photoSlice2 from file:///Users/abhishekrawat/Documents/Git/Mommy-mermed/assets/Scripts/GamePlay.ts as file:///Users/abhishekrawat/Documents/Git/Mommy-mermed/assets/Scripts/photoSlice2.ts.
debug: Inspect file:///Users/abhishekrawat/Documents/Git/Mommy-mermed/assets/Scripts/photoSlice2.ts
debug: Resolve cc from file:///Users/abhishekrawat/Documents/Git/Mommy-mermed/assets/Scripts/photoSlice2.ts as cce:/internal/x/cc.
debug: Resolve cc from file:///Users/abhishekrawat/Documents/Git/Mommy-mermed/assets/Scripts/photoSlice2.ts as cce:/internal/x/cc.
debug: Resolve cc from file:///Users/abhishekrawat/Documents/Git/Mommy-mermed/assets/Scripts/photoSlice2.ts as cce:/internal/x/cc.
debug: Resolve file:///Users/abhishekrawat/Documents/Git/Mommy-mermed/assets/Scripts/Managers/ResourceUtils.ts from cce:/internal/x/prerequisite-imports as file:///Users/abhishekrawat/Documents/Git/Mommy-mermed/assets/Scripts/Managers/ResourceUtils.ts.
debug: Inspect file:///Users/abhishekrawat/Documents/Git/Mommy-mermed/assets/Scripts/Managers/ResourceUtils.ts
debug: Resolve cc from file:///Users/abhishekrawat/Documents/Git/Mommy-mermed/assets/Scripts/Managers/ResourceUtils.ts as cce:/internal/x/cc.
debug: Resolve cc from file:///Users/abhishekrawat/Documents/Git/Mommy-mermed/assets/Scripts/Managers/ResourceUtils.ts as cce:/internal/x/cc.
debug: Resolve cc from file:///Users/abhishekrawat/Documents/Git/Mommy-mermed/assets/Scripts/Managers/ResourceUtils.ts as cce:/internal/x/cc.
debug: Resolve file:///Users/abhishekrawat/Documents/Git/Mommy-mermed/assets/Scripts/Managers/SoundManager.ts from cce:/internal/x/prerequisite-imports as file:///Users/abhishekrawat/Documents/Git/Mommy-mermed/assets/Scripts/Managers/SoundManager.ts.
debug: Inspect file:///Users/abhishekrawat/Documents/Git/Mommy-mermed/assets/Scripts/Managers/SoundManager.ts
debug: Resolve cc from file:///Users/abhishekrawat/Documents/Git/Mommy-mermed/assets/Scripts/Managers/SoundManager.ts as cce:/internal/x/cc.
debug: Resolve cc from file:///Users/abhishekrawat/Documents/Git/Mommy-mermed/assets/Scripts/Managers/SoundManager.ts as cce:/internal/x/cc.
debug: Resolve file:///Users/abhishekrawat/Documents/Git/Mommy-mermed/assets/Scripts/SettingMenu.ts from cce:/internal/x/prerequisite-imports as file:///Users/abhishekrawat/Documents/Git/Mommy-mermed/assets/Scripts/SettingMenu.ts.
debug: Inspect file:///Users/abhishekrawat/Documents/Git/Mommy-mermed/assets/Scripts/SettingMenu.ts
debug: Resolve cce:/internal/code-quality/cr.mjs from file:///Users/abhishekrawat/Documents/Git/Mommy-mermed/assets/Scripts/SettingMenu.ts as cce:/internal/code-quality/cr.mjs.
debug: Resolve cc from file:///Users/abhishekrawat/Documents/Git/Mommy-mermed/assets/Scripts/SettingMenu.ts as cce:/internal/x/cc.
debug: Resolve cc from file:///Users/abhishekrawat/Documents/Git/Mommy-mermed/assets/Scripts/SettingMenu.ts as cce:/internal/x/cc.
debug: Resolve cc from file:///Users/abhishekrawat/Documents/Git/Mommy-mermed/assets/Scripts/SettingMenu.ts as cce:/internal/x/cc.
debug: Resolve ./SingleTon from file:///Users/abhishekrawat/Documents/Git/Mommy-mermed/assets/Scripts/SettingMenu.ts as file:///Users/abhishekrawat/Documents/Git/Mommy-mermed/assets/Scripts/SingleTon.ts.
debug: Inspect file:///Users/abhishekrawat/Documents/Git/Mommy-mermed/assets/Scripts/SingleTon.ts
debug: Resolve cc from file:///Users/abhishekrawat/Documents/Git/Mommy-mermed/assets/Scripts/SingleTon.ts as cce:/internal/x/cc.
debug: Resolve cc from file:///Users/abhishekrawat/Documents/Git/Mommy-mermed/assets/Scripts/SingleTon.ts as cce:/internal/x/cc.
debug: Resolve ./Managers/SoundManager from file:///Users/abhishekrawat/Documents/Git/Mommy-mermed/assets/Scripts/SettingMenu.ts as file:///Users/abhishekrawat/Documents/Git/Mommy-mermed/assets/Scripts/Managers/SoundManager.ts.
debug: Resolve ./Managers/ResourceUtils from file:///Users/abhishekrawat/Documents/Git/Mommy-mermed/assets/Scripts/SettingMenu.ts as file:///Users/abhishekrawat/Documents/Git/Mommy-mermed/assets/Scripts/Managers/ResourceUtils.ts.
debug: Resolve file:///Users/abhishekrawat/Documents/Git/Mommy-mermed/assets/Scripts/SingleTon.ts from cce:/internal/x/prerequisite-imports as file:///Users/abhishekrawat/Documents/Git/Mommy-mermed/assets/Scripts/SingleTon.ts.
debug: Resolve file:///Users/abhishekrawat/Documents/Git/Mommy-mermed/assets/Scripts/glowing.ts from cce:/internal/x/prerequisite-imports as file:///Users/abhishekrawat/Documents/Git/Mommy-mermed/assets/Scripts/glowing.ts.
debug: Inspect file:///Users/abhishekrawat/Documents/Git/Mommy-mermed/assets/Scripts/glowing.ts
debug: Resolve cc from file:///Users/abhishekrawat/Documents/Git/Mommy-mermed/assets/Scripts/glowing.ts as cce:/internal/x/cc.
debug: Resolve cc from file:///Users/abhishekrawat/Documents/Git/Mommy-mermed/assets/Scripts/glowing.ts as cce:/internal/x/cc.
debug: Resolve cc from file:///Users/abhishekrawat/Documents/Git/Mommy-mermed/assets/Scripts/glowing.ts as cce:/internal/x/cc.
debug: Resolve file:///Users/abhishekrawat/Documents/Git/Mommy-mermed/assets/Scripts/imageLoad.ts from cce:/internal/x/prerequisite-imports as file:///Users/abhishekrawat/Documents/Git/Mommy-mermed/assets/Scripts/imageLoad.ts.
debug: Inspect file:///Users/abhishekrawat/Documents/Git/Mommy-mermed/assets/Scripts/imageLoad.ts
debug: Resolve cce:/internal/code-quality/cr.mjs from file:///Users/abhishekrawat/Documents/Git/Mommy-mermed/assets/Scripts/imageLoad.ts as cce:/internal/code-quality/cr.mjs.
debug: Resolve cc from file:///Users/abhishekrawat/Documents/Git/Mommy-mermed/assets/Scripts/imageLoad.ts as cce:/internal/x/cc.
debug: Resolve cc from file:///Users/abhishekrawat/Documents/Git/Mommy-mermed/assets/Scripts/imageLoad.ts as cce:/internal/x/cc.
debug: Resolve cc from file:///Users/abhishekrawat/Documents/Git/Mommy-mermed/assets/Scripts/imageLoad.ts as cce:/internal/x/cc.
debug: Resolve ./FitSprite from file:///Users/abhishekrawat/Documents/Git/Mommy-mermed/assets/Scripts/imageLoad.ts as file:///Users/abhishekrawat/Documents/Git/Mommy-mermed/assets/Scripts/FitSprite.ts.
debug: Resolve file:///Users/abhishekrawat/Documents/Git/Mommy-mermed/assets/Scripts/photoSlice2.ts from cce:/internal/x/prerequisite-imports as file:///Users/abhishekrawat/Documents/Git/Mommy-mermed/assets/Scripts/photoSlice2.ts.
debug: Resolve file:///Users/abhishekrawat/Documents/Git/Mommy-mermed/assets/Scripts/resourceLoader.ts from cce:/internal/x/prerequisite-imports as file:///Users/abhishekrawat/Documents/Git/Mommy-mermed/assets/Scripts/resourceLoader.ts.
debug: Inspect file:///Users/abhishekrawat/Documents/Git/Mommy-mermed/assets/Scripts/resourceLoader.ts
debug: Resolve cce:/internal/code-quality/cr.mjs from file:///Users/abhishekrawat/Documents/Git/Mommy-mermed/assets/Scripts/resourceLoader.ts as cce:/internal/code-quality/cr.mjs.
debug: Resolve cc from file:///Users/abhishekrawat/Documents/Git/Mommy-mermed/assets/Scripts/resourceLoader.ts as cce:/internal/x/cc.
debug: Resolve cc from file:///Users/abhishekrawat/Documents/Git/Mommy-mermed/assets/Scripts/resourceLoader.ts as cce:/internal/x/cc.
debug: Resolve cc from file:///Users/abhishekrawat/Documents/Git/Mommy-mermed/assets/Scripts/resourceLoader.ts as cce:/internal/x/cc.
debug: Resolve ./GamePlay from file:///Users/abhishekrawat/Documents/Git/Mommy-mermed/assets/Scripts/resourceLoader.ts as file:///Users/abhishekrawat/Documents/Git/Mommy-mermed/assets/Scripts/GamePlay.ts.
debug: Resolve ./glowing from file:///Users/abhishekrawat/Documents/Git/Mommy-mermed/assets/Scripts/resourceLoader.ts as file:///Users/abhishekrawat/Documents/Git/Mommy-mermed/assets/Scripts/glowing.ts.
debug: Resolve ./Managers/SoundManager from file:///Users/abhishekrawat/Documents/Git/Mommy-mermed/assets/Scripts/resourceLoader.ts as file:///Users/abhishekrawat/Documents/Git/Mommy-mermed/assets/Scripts/Managers/SoundManager.ts.
debug: Resolve ./SingleTon from file:///Users/abhishekrawat/Documents/Git/Mommy-mermed/assets/Scripts/resourceLoader.ts as file:///Users/abhishekrawat/Documents/Git/Mommy-mermed/assets/Scripts/SingleTon.ts.
debug: Resolve ./Managers/ResourceUtils from file:///Users/abhishekrawat/Documents/Git/Mommy-mermed/assets/Scripts/resourceLoader.ts as file:///Users/abhishekrawat/Documents/Git/Mommy-mermed/assets/Scripts/Managers/ResourceUtils.ts.
debug: Target(preview) ends with cost 238.45079199969769ms.
debug: Pulling asset-db.
debug: Fetch asset-db cost: 6.971791001036763ms.
debug: Build iteration starts.
Number of accumulated asset changes: 11
Feature changed: false
debug: Target(editor) build started.
debug: Detected change: cce:/internal/x/prerequisite-imports. Last mtime: Thu Jan 01 1970 05:30:03 GMT+0530 (India Standard Time), Current mtime: Thu Jan 01 1970 05:30:05 GMT+0530 (India Standard Time)
debug: Inspect cce:/internal/x/prerequisite-imports
debug: Resolve file:///Users/abhishekrawat/Documents/Git/Mommy-mermed/assets/Scripts/Audio.ts from cce:/internal/x/prerequisite-imports as file:///Users/abhishekrawat/Documents/Git/Mommy-mermed/assets/Scripts/Audio.ts.
debug: Resolve file:///Users/abhishekrawat/Documents/Git/Mommy-mermed/assets/Scripts/FitSprite.ts from cce:/internal/x/prerequisite-imports as file:///Users/abhishekrawat/Documents/Git/Mommy-mermed/assets/Scripts/FitSprite.ts.
debug: Resolve file:///Users/abhishekrawat/Documents/Git/Mommy-mermed/assets/Scripts/GamePlay.ts from cce:/internal/x/prerequisite-imports as file:///Users/abhishekrawat/Documents/Git/Mommy-mermed/assets/Scripts/GamePlay.ts.
debug: Resolve file:///Users/abhishekrawat/Documents/Git/Mommy-mermed/assets/Scripts/Managers/ResourceUtils.ts from cce:/internal/x/prerequisite-imports as file:///Users/abhishekrawat/Documents/Git/Mommy-mermed/assets/Scripts/Managers/ResourceUtils.ts.
debug: Resolve file:///Users/abhishekrawat/Documents/Git/Mommy-mermed/assets/Scripts/Managers/SoundManager.ts from cce:/internal/x/prerequisite-imports as file:///Users/abhishekrawat/Documents/Git/Mommy-mermed/assets/Scripts/Managers/SoundManager.ts.
debug: Resolve file:///Users/abhishekrawat/Documents/Git/Mommy-mermed/assets/Scripts/SettingMenu.ts from cce:/internal/x/prerequisite-imports as file:///Users/abhishekrawat/Documents/Git/Mommy-mermed/assets/Scripts/SettingMenu.ts.
debug: Resolve file:///Users/abhishekrawat/Documents/Git/Mommy-mermed/assets/Scripts/SingleTon.ts from cce:/internal/x/prerequisite-imports as file:///Users/abhishekrawat/Documents/Git/Mommy-mermed/assets/Scripts/SingleTon.ts.
debug: Resolve file:///Users/abhishekrawat/Documents/Git/Mommy-mermed/assets/Scripts/glowing.ts from cce:/internal/x/prerequisite-imports as file:///Users/abhishekrawat/Documents/Git/Mommy-mermed/assets/Scripts/glowing.ts.
debug: Resolve file:///Users/abhishekrawat/Documents/Git/Mommy-mermed/assets/Scripts/imageLoad.ts from cce:/internal/x/prerequisite-imports as file:///Users/abhishekrawat/Documents/Git/Mommy-mermed/assets/Scripts/imageLoad.ts.
debug: Resolve file:///Users/abhishekrawat/Documents/Git/Mommy-mermed/assets/Scripts/photoSlice2.ts from cce:/internal/x/prerequisite-imports as file:///Users/abhishekrawat/Documents/Git/Mommy-mermed/assets/Scripts/photoSlice2.ts.
debug: Resolve file:///Users/abhishekrawat/Documents/Git/Mommy-mermed/assets/Scripts/resourceLoader.ts from cce:/internal/x/prerequisite-imports as file:///Users/abhishekrawat/Documents/Git/Mommy-mermed/assets/Scripts/resourceLoader.ts.
debug: Target(editor) ends with cost 14.977042000740767ms.
debug: Target(preview) build started.
debug: Detected change: cce:/internal/x/prerequisite-imports. Last mtime: Thu Jan 01 1970 05:30:04 GMT+0530 (India Standard Time), Current mtime: Thu Jan 01 1970 05:30:05 GMT+0530 (India Standard Time)
debug: Inspect cce:/internal/x/prerequisite-imports
debug: Resolve file:///Users/abhishekrawat/Documents/Git/Mommy-mermed/assets/Scripts/Audio.ts from cce:/internal/x/prerequisite-imports as file:///Users/abhishekrawat/Documents/Git/Mommy-mermed/assets/Scripts/Audio.ts.
debug: Resolve file:///Users/abhishekrawat/Documents/Git/Mommy-mermed/assets/Scripts/FitSprite.ts from cce:/internal/x/prerequisite-imports as file:///Users/abhishekrawat/Documents/Git/Mommy-mermed/assets/Scripts/FitSprite.ts.
debug: Resolve file:///Users/abhishekrawat/Documents/Git/Mommy-mermed/assets/Scripts/GamePlay.ts from cce:/internal/x/prerequisite-imports as file:///Users/abhishekrawat/Documents/Git/Mommy-mermed/assets/Scripts/GamePlay.ts.
debug: Resolve file:///Users/abhishekrawat/Documents/Git/Mommy-mermed/assets/Scripts/Managers/ResourceUtils.ts from cce:/internal/x/prerequisite-imports as file:///Users/abhishekrawat/Documents/Git/Mommy-mermed/assets/Scripts/Managers/ResourceUtils.ts.
debug: Resolve file:///Users/abhishekrawat/Documents/Git/Mommy-mermed/assets/Scripts/Managers/SoundManager.ts from cce:/internal/x/prerequisite-imports as file:///Users/abhishekrawat/Documents/Git/Mommy-mermed/assets/Scripts/Managers/SoundManager.ts.
debug: Resolve file:///Users/abhishekrawat/Documents/Git/Mommy-mermed/assets/Scripts/SettingMenu.ts from cce:/internal/x/prerequisite-imports as file:///Users/abhishekrawat/Documents/Git/Mommy-mermed/assets/Scripts/SettingMenu.ts.
debug: Resolve file:///Users/abhishekrawat/Documents/Git/Mommy-mermed/assets/Scripts/SingleTon.ts from cce:/internal/x/prerequisite-imports as file:///Users/abhishekrawat/Documents/Git/Mommy-mermed/assets/Scripts/SingleTon.ts.
debug: Resolve file:///Users/abhishekrawat/Documents/Git/Mommy-mermed/assets/Scripts/glowing.ts from cce:/internal/x/prerequisite-imports as file:///Users/abhishekrawat/Documents/Git/Mommy-mermed/assets/Scripts/glowing.ts.
debug: Resolve file:///Users/abhishekrawat/Documents/Git/Mommy-mermed/assets/Scripts/imageLoad.ts from cce:/internal/x/prerequisite-imports as file:///Users/abhishekrawat/Documents/Git/Mommy-mermed/assets/Scripts/imageLoad.ts.
debug: Resolve file:///Users/abhishekrawat/Documents/Git/Mommy-mermed/assets/Scripts/photoSlice2.ts from cce:/internal/x/prerequisite-imports as file:///Users/abhishekrawat/Documents/Git/Mommy-mermed/assets/Scripts/photoSlice2.ts.
debug: Resolve file:///Users/abhishekrawat/Documents/Git/Mommy-mermed/assets/Scripts/resourceLoader.ts from cce:/internal/x/prerequisite-imports as file:///Users/abhishekrawat/Documents/Git/Mommy-mermed/assets/Scripts/resourceLoader.ts.
debug: Target(preview) ends with cost 15.155083999037743ms.
